3 : 19 : 0.05
4 : 16 : 0.04
8 : 16 : 0.04
10 : 26 : 0.06
12 : 23 : 0.06
14 : 23 : 0.05
16 : 24 : 0.05
18 : 31 : 0.06
20 : 15 : 0.05
22 : 29 : 0.05
24 : 25 : 0.06
26 : 25 : 0.05
28 : 23 : 0.05
30 : 24 : 0.05
32 : 13 : 0.04
34 : 25 : 0.04
36 : 22 : 0.05
38 : 17 : 0.04
40 : 17 : 0.04
42 : 28 : 0.05
44 : 26 : 0.06
46 : 25 : 0.06
48 : 33 : 0.06
50 : 27 : 0.06
52 : 19 : 0.05
54 : 21 : 0.05
56 : 17 : 0.05
60 : 20 : 0.04
60 : 23 : 0.04
62 : 17 : 0.04
64 : 26 : 0.05
68 : 24 : 0.06
68 : 21 : 0.05
70 : 24 : 0.05
72 : 21 : 0.05
74 : 23 : 0.05
76 : 24 : 0.05
78 : 16 : 0.05
80 : 25 : 0.05
82 : 20 : 0.05
84 : 24 : 0.05
86 : 19 : 0.05
88 : 22 : 0.04
90 : 24 : 0.05
92 : 19 : 0.05
94 : 32 : 0.06
96 : 26 : 0.06
98 : 19 : 0.05
100 : 25 : 0.05
102 : 24 : 0.05
104 : 15 : 0.04
106 : 19 : 0.04
108 : 26 : 0.05
110 : 19 : 0.05
112 : 21 : 0.05
114 : 29 : 0.05
116 : 25 : 0.06
118 : 19 : 0.05
120 : 31 : 0.05
122 : 28 : 0.06
124 : 29 : 0.07
126 : 22 : 0.06
128 : 23 : 0.05
130 : 20 : 0.05
132 : 12 : 0.04
134 : 29 : 0.04
136 : 27 : 0.06
138 : 24 : 0.06
140 : 24 : 0.05
142 : 27 : 0.06
144 : 26 : 0.06
146 : 24 : 0.06
148 : 24 : 0.05
150 : 20 : 0.05
152 : 23 : 0.05
154 : 28 : 0.06
156 : 28 : 0.06
158 : 25 : 0.05
160 : 28 : 0.06
162 : 33 : 0.06
164 : 32 : 0.08
166 : 18 : 0.06
168 : 23 : 0.05
170 : 18 : 0.04
172 : 27 : 0.04
174 : 21 : 0.05
176 : 30 : 0.06
178 : 24 : 0.06
180 : 26 : 0.05
182 : 23 : 0.05
184 : 24 : 0.05
186 : 20 : 0.05
188 : 29 : 0.05
190 : 30 : 0.07
192 : 21 : 0.06
194 : 24 : 0.05
196 : 22 : 0.05
198 : 23 : 0.05
200 : 25 : 0.05
202 : 20 : 0.05
204 : 25 : 0.05
206 : 30 : 0.06
208 : 27 : 0.06
210 : 27 : 0.06
212 : 18 : 0.05
216 : 31 : 0.05
216 : 19 : 0.05
218 : 20 : 0.05
220 : 21 : 0.04
222 : 22 : 0.05
224 : 29 : 0.05
226 : 20 : 0.05
228 : 26 : 0.05
230 : 29 : 0.06
232 : 25 : 0.06
234 : 28 : 0.06
236 : 22 : 0.05
238 : 26 : 0.06
240 : 20 : 0.05
242 : 33 : 0.06
244 : 27 : 0.07
246 : 19 : 0.05
248 : 26 : 0.05
250 : 23 : 0.05
252 : 23 : 0.05
254 : 32 : 0.06
256 : 26 : 0.06
258 : 28 : 0.06
260 : 14 : 0.05
262 : 25 : 0.05
264 : 28 : 0.06
266 : 15 : 0.05
268 : 20 : 0.04
270 : 20 : 0.04
272 : 30 : 0.06
274 : 20 : 0.05
276 : 25 : 0.05
278 : 26 : 0.06
282 : 28 : 0.06
282 : 29 : 0.06
284 : 21 : 0.05
286 : 22 : 0.05
288 : 16 : 0.04
290 : 26 : 0.05
292 : 19 : 0.05
294 : 24 : 0.05
296 : 24 : 0.05
298 : 20 : 0.05
300 : 26 : 0.05
302 : 21 : 0.05
304 : 23 : 0.05
306 : 23 : 0.05
308 : 26 : 0.05
310 : 14 : 0.05
312 : 20 : 0.04
314 : 22 : 0.04
316 : 18 : 0.05
318 : 21 : 0.04
320 : 16 : 0.04
322 : 20 : 0.04
324 : 31 : 0.05
326 : 22 : 0.06
328 : 24 : 0.05
330 : 27 : 0.05
332 : 25 : 0.06
334 : 17 : 0.05
336 : 22 : 0.04
338 : 16 : 0.04
340 : 24 : 0.04
342 : 23 : 0.05
344 : 24 : 0.05
346 : 28 : 0.06
348 : 25 : 0.06
350 : 22 : 0.05
352 : 29 : 0.06
354 : 20 : 0.05
356 : 22 : 0.05
358 : 22 : 0.05
360 : 31 : 0.06
362 : 22 : 0.06
364 : 20 : 0.05
366 : 18 : 0.04
368 : 21 : 0.04
370 : 21 : 0.05
372 : 18 : 0.04
374 : 24 : 0.04
376 : 28 : 0.05
378 : 28 : 0.06
380 : 18 : 0.05
382 : 17 : 0.04
384 : 18 : 0.04
386 : 26 : 0.04
388 : 28 : 0.06
390 : 20 : 0.05
392 : 22 : 0.05
394 : 25 : 0.05
396 : 18 : 0.05
398 : 26 : 0.05
400 : 18 : 0.05
402 : 22 : 0.05
404 : 12 : 0.04
406 : 23 : 0.04
408 : 18 : 0.04
410 : 19 : 0.04
412 : 19 : 0.04
414 : 28 : 0.05
416 : 28 : 0.06
418 : 29 : 0.06
420 : 22 : 0.06
422 : 15 : 0.04
424 : 17 : 0.04
426 : 29 : 0.05
428 : 24 : 0.06
430 : 18 : 0.05
432 : 18 : 0.04
434 : 20 : 0.04
436 : 23 : 0.05
438 : 24 : 0.05
440 : 24 : 0.05
442 : 16 : 0.04
444 : 19 : 0.04
446 : 25 : 0.05
448 : 16 : 0.04
450 : 26 : 0.05
452 : 27 : 0.06
454 : 27 : 0.06
456 : 21 : 0.06
458 : 21 : 0.05
460 : 25 : 0.05
462 : 20 : 0.05
464 : 18 : 0.04
466 : 25 : 0.05
468 : 20 : 0.05
470 : 17 : 0.04
472 : 20 : 0.04
474 : 11 : 0.04
476 : 18 : 0.04
478 : 21 : 0.04
480 : 18 : 0.04
482 : 18 : 0.04
484 : 23 : 0.05
486 : 19 : 0.05
488 : 17 : 0.04
490 : 32 : 0.06
492 : 25 : 0.06
494 : 23 : 0.05
496 : 17 : 0.04
498 : 18 : 0.04
500 : 23 : 0.04
502 : 23 : 0.05
504 : 15 : 0.04
506 : 21 : 0.04
508 : 29 : 0.06
510 : 13 : 0.04
512 : 25 : 0.05
514 : 21 : 0.05
516 : 22 : 0.05
518 : 21 : 0.05
520 : 24 : 0.05
522 : 14 : 0.04
524 : 14 : 0.03
526 : 35 : 0.06
528 : 16 : 0.06
530 : 19 : 0.04
532 : 19 : 0.04
534 : 27 : 0.05
536 : 15 : 0.05
538 : 22 : 0.04
540 : 22 : 0.05
542 : 23 : 0.05
544 : 15 : 0.04
546 : 13 : 0.04
548 : 30 : 0.04
550 : 15 : 0.05
552 : 31 : 0.05
554 : 17 : 0.06
556 : 25 : 0.05
558 : 18 : 0.05
560 : 23 : 0.04
562 : 17 : 0.04
564 : 17 : 0.04
566 : 12 : 0.03
568 : 17 : 0.03
570 : 5 : 0.03
572 : 7 : 0.02
574 : 9 : 0.02
578 : 7 : 0.02
578 : 3 : 0.02
580 : 8 : 0.01
582 : 4 : 0.01
584 : 4 : 0.01
586 : 4 : 0.01
588 : 8 : 0.01
590 : 5 : 0.01
592 : 6 : 0.01
594 : 3 : 0.01
596 : 6 : 0.01
598 : 2 : 0.01
600 : 6 : 0.01
602 : 6 : 0.01
604 : 5 : 0.01
606 : 6 : 0.01
608 : 2 : 0.01
610 : 5 : 0.01
612 : 2 : 0.01
614 : 2 : 0.01
616 : 7 : 0.01
618 : 5 : 0.01
620 : 1 : 0.01
622 : 4 : 0.01
624 : 4 : 0.01
626 : 4 : 0.01
628 : 5 : 0.01
630 : 5 : 0.01
632 : 7 : 0.01
634 : 3 : 0.01
636 : 4 : 0.01
638 : 9 : 0.01
640 : 1 : 0.01
642 : 5 : 0.01
644 : 3 : 0.01
646 : 6 : 0.01
648 : 2 : 0.01
650 : 4 : 0.01
652 : 6 : 0.01
654 : 3 : 0.01
656 : 8 : 0.01
658 : 7 : 0.01
660 : 6 : 0.01
662 : 7 : 0.01
664 : 4 : 0.01
666 : 6 : 0.01
668 : 2 : 0.01
670 : 3 : 0.01
672 : 4 : 0.01
674 : 3 : 0.01
676 : 3 : 0.01
678 : 7 : 0.01
680 : 3 : 0.01
682 : 4 : 0.01
684 : 4 : 0.01
686 : 6 : 0.01
688 : 3 : 0.01
690 : 4 : 0.01
692 : 5 : 0.01
694 : 7 : 0.01
696 : 7 : 0.01
698 : 2 : 0.01
700 : 5 : 0.01
702 : 4 : 0.01
704 : 1 : 0.01
706 : 3 : 0.01
708 : 4 : 0.01
710 : 4 : 0.01
712 : 5 : 0.01
714 : 5 : 0.01
716 : 3 : 0.01
718 : 3 : 0.01
720 : 2 : 0.01
722 : 2 : 0.01
724 : 2 : 0.01
726 : 4 : 0.01
728 : 6 : 0.01
730 : 6 : 0.01
734 : 3 : 0.01
734 : 4 : 0.01
736 : 4 : 0.01
738 : 4 : 0.01
740 : 5 : 0.01
742 : 4 : 0.01
744 : 5 : 0.01
746 : 6 : 0.01
748 : 5 : 0.01
750 : 3 : 0.01
752 : 4 : 0.01
754 : 2 : 0.01
756 : 6 : 0.01
758 : 3 : 0.01
760 : 5 : 0.01
762 : 7 : 0.01
764 : 4 : 0.01
766 : 5 : 0.01
768 : 8 : 0.01
770 : 2 : 0.01
772 : 0 : 0.01
774 : 6 : 0.01
776 : 2 : 0.01
778 : 7 : 0.01
780 : 0 : 0.01
782 : 4 : 0.01
784 : 7 : 0.01
786 : 4 : 0.01
788 : 7 : 0.01
790 : 4 : 0.01
792 : 7 : 0.01
794 : 6 : 0.01
796 : 5 : 0.01
798 : 6 : 0.01
800 : 8 : 0.01
802 : 3 : 0.01
804 : 6 : 0.01
806 : 2 : 0.01
808 : 4 : 0.01
810 : 5 : 0.01
812 : 6 : 0.01
814 : 6 : 0.01
816 : 3 : 0.01
818 : 7 : 0.01
820 : 7 : 0.01
822 : 4 : 0.01
824 : 8 : 0.01
826 : 9 : 0.01
828 : 9 : 0.02
830 : 8 : 0.02
832 : 4 : 0.02
834 : 6 : 0.02
836 : 6 : 0.02
838 : 3 : 0.01
840 : 6 : 0.01
842 : 4 : 0.01
844 : 8 : 0.01
846 : 2 : 0.01
848 : 8 : 0.01
850 : 3 : 0.01
852 : 15 : 0.01
854 : 6 : 0.02
856 : 5 : 0.02
858 : 13 : 0.02
860 : 9 : 0.02
862 : 6 : 0.02
864 : 6 : 0.02
866 : 7 : 0.02
868 : 7 : 0.02
870 : 5 : 0.01
872 : 5 : 0.01
874 : 7 : 0.01
876 : 11 : 0.01
878 : 6 : 0.02
880 : 8 : 0.02
882 : 8 : 0.02
884 : 16 : 0.02
886 : 8 : 0.02
888 : 9 : 0.02
890 : 12 : 0.02
894 : 12 : 0.02
894 : 6 : 0.02
896 : 9 : 0.02
898 : 8 : 0.02
900 : 5 : 0.02
902 : 4 : 0.02
904 : 12 : 0.02
906 : 10 : 0.02
908 : 13 : 0.02
910 : 7 : 0.02
912 : 5 : 0.02
914 : 5 : 0.02
916 : 9 : 0.02
918 : 9 : 0.02
920 : 6 : 0.01
922 : 8 : 0.02
924 : 9 : 0.02
926 : 11 : 0.02
928 : 13 : 0.02
930 : 12 : 0.03
932 : 3 : 0.02
934 : 9 : 0.02
936 : 6 : 0.02
938 : 11 : 0.02
940 : 7 : 0.02
942 : 10 : 0.02
944 : 11 : 0.02
948 : 6 : 0.02
948 : 12 : 0.02
950 : 10 : 0.02
952 : 6 : 0.02
954 : 6 : 0.02
956 : 14 : 0.02
958 : 8 : 0.02
960 : 9 : 0.02
962 : 8 : 0.02
964 : 14 : 0.02
966 : 12 : 0.02
968 : 11 : 0.03
970 : 8 : 0.03
972 : 13 : 0.02
974 : 8 : 0.02
976 : 9 : 0.02
978 : 11 : 0.02
980 : 10 : 0.02
982 : 11 : 0.02
984 : 9 : 0.02
986 : 8 : 0.02
990 : 10 : 0.02
990 : 16 : 0.02
992 : 14 : 0.03
994 : 12 : 0.03
996 : 11 : 0.03
998 : 14 : 0.03
1000 : 11 : 0.03
1002 : 11 : 0.03
1004 : 9 : 0.02
1006 : 7 : 0.02
1008 : 5 : 0.02
1010 : 11 : 0.02
1012 : 9 : 0.02
1014 : 8 : 0.02
1016 : 13 : 0.02
1018 : 14 : 0.02
1020 : 14 : 0.03
1022 : 10 : 0.03
1024 : 18 : 0.03
1026 : 15 : 0.03
1028 : 21 : 0.04
1030 : 9 : 0.03
1032 : 9 : 0.03
1034 : 12 : 0.03
1036 : 15 : 0.02
1038 : 14 : 0.03
1042 : 11 : 0.03
1042 : 9 : 0.03
1044 : 10 : 0.02
1046 : 18 : 0.03
1048 : 17 : 0.03
1050 : 17 : 0.04
1052 : 16 : 0.04
1054 : 10 : 0.03
1056 : 11 : 0.03
1058 : 20 : 0.03
1060 : 20 : 0.04
1062 : 13 : 0.04
1064 : 13 : 0.03
1066 : 16 : 0.03
1068 : 19 : 0.04
1070 : 16 : 0.04
1072 : 20 : 0.04
1074 : 17 : 0.04
1076 : 15 : 0.04
1078 : 19 : 0.04
1080 : 10 : 0.03
1082 : 13 : 0.03
1084 : 13 : 0.03
1086 : 20 : 0.03
1088 : 8 : 0.03
1090 : 19 : 0.03
1092 : 19 : 0.04
1094 : 9 : 0.03
1096 : 20 : 0.03
1098 : 26 : 0.05
1100 : 24 : 0.05
1102 : 19 : 0.05
1104 : 18 : 0.04
1106 : 16 : 0.04
1108 : 18 : 0.04
1110 : 9 : 0.03
1112 : 22 : 0.03
1114 : 15 : 0.04
1116 : 23 : 0.04
1118 : 16 : 0.04
1120 : 20 : 0.04
1122 : 23 : 0.04
1124 : 24 : 0.05
1126 : 16 : 0.05
1128 : 15 : 0.04
1130 : 16 : 0.03
1132 : 11 : 0.03
1134 : 15 : 0.03
1136 : 19 : 0.03
1138 : 27 : 0.05
1140 : 27 : 0.06
1142 : 19 : 0.05
1144 : 28 : 0.05
1146 : 16 : 0.05
1148 : 19 : 0.04
1150 : 14 : 0.03
1152 : 22 : 0.04
1154 : 15 : 0.04
1156 : 17 : 0.04
1158 : 21 : 0.04
1160 : 16 : 0.04
1162 : 28 : 0.05
1164 : 25 : 0.06
1166 : 26 : 0.05
1168 : 22 : 0.06
1170 : 14 : 0.04
1172 : 21 : 0.04
1174 : 16 : 0.04
1176 : 28 : 0.05
1178 : 19 : 0.06
1180 : 28 : 0.05
1182 : 29 : 0.05
1184 : 31 : 0.07
1186 : 33 : 0.07
1188 : 27 : 0.06
1190 : 28 : 0.06
1192 : 34 : 0.07
1194 : 30 : 0.07
1196 : 20 : 0.05
1198 : 33 : 0.06
1200 : 27 : 0.07
1202 : 21 : 0.05
1204 : 24 : 0.05
1206 : 37 : 0.07
1208 : 24 : 0.06
1210 : 24 : 0.05
1212 : 31 : 0.06
1214 : 29 : 0.07
1216 : 28 : 0.06
1218 : 25 : 0.06
1220 : 30 : 0.06
1222 : 33 : 0.07
1224 : 32 : 0.08
1226 : 34 : 0.08
1228 : 33 : 0.07
1230 : 39 : 0.08
1232 : 30 : 0.08
1234 : 20 : 0.05
1236 : 33 : 0.06
1238 : 31 : 0.07
1240 : 34 : 0.07
1242 : 25 : 0.06
1244 : 26 : 0.06
1246 : 30 : 0.06
1248 : 35 : 0.07
1252 : 32 : 0.07
1252 : 32 : 0.08
1254 : 25 : 0.06
1256 : 31 : 0.06
1258 : 42 : 0.08
1260 : 35 : 0.08
1262 : 44 : 0.10
1264 : 24 : 0.07
1266 : 29 : 0.06
1268 : 41 : 0.08
1270 : 39 : 0.08
1272 : 35 : 0.08
1274 : 43 : 0.09
1276 : 40 : 0.09
1278 : 31 : 0.08
1280 : 27 : 0.06
1282 : 36 : 0.07
1284 : 34 : 0.08
1286 : 31 : 0.07
1288 : 31 : 0.07
1290 : 37 : 0.07
1292 : 31 : 0.08
1294 : 34 : 0.06
1296 : 38 : 0.08
1298 : 38 : 0.08
1300 : 37 : 0.08
1302 : 45 : 0.09
1304 : 34 : 0.09
1306 : 43 : 0.08
1308 : 31 : 0.09
1310 : 40 : 0.08
1312 : 40 : 0.08
1314 : 45 : 0.09
1316 : 42 : 0.10
1318 : 25 : 0.08
1320 : 40 : 0.07
1322 : 38 : 0.09
1324 : 37 : 0.08
1326 : 33 : 0.08
1328 : 41 : 0.09
1330 : 28 : 0.07
1332 : 29 : 0.06
1334 : 42 : 0.08
1336 : 34 : 0.08
1338 : 39 : 0.08
1340 : 37 : 0.08
1342 : 33 : 0.07
1344 : 44 : 0.09
1346 : 47 : 0.09
1348 : 55 : 0.12
1350 : 40 : 0.09
1352 : 41 : 0.09
1354 : 33 : 0.08
1356 : 42 : 0.09
1358 : 50 : 0.10
1360 : 45 : 0.10
1362 : 42 : 0.09
1364 : 38 : 0.08
1366 : 30 : 0.07
1368 : 48 : 0.09
1370 : 42 : 0.10
1372 : 31 : 0.07
1374 : 54 : 0.14
1376 : 38 : 0.08
1378 : 48 : 0.10
1380 : 40 : 0.09
1382 : 45 : 0.09
1384 : 38 : 0.08
1386 : 43 : 0.10
1388 : 48 : 0.09
1390 : 55 : 0.12
1392 : 42 : 0.10
1394 : 50 : 0.09
1396 : 50 : 0.12
1398 : 55 : 0.11
1400 : 43 : 0.10
1402 : 54 : 0.11
1404 : 54 : 0.11
1406 : 43 : 0.10
1408 : 42 : 0.09
1410 : 56 : 0.11
1412 : 42 : 0.10
1414 : 41 : 0.09
1416 : 55 : 0.10
1418 : 42 : 0.10
1420 : 44 : 0.10
1422 : 53 : 0.10
1424 : 48 : 0.11
1426 : 33 : 0.08
1428 : 62 : 0.12
1430 : 46 : 0.11
1432 : 53 : 0.11
1434 : 48 : 0.10
1436 : 53 : 0.12
1438 : 45 : 0.09
1440 : 47 : 0.10
1442 : 52 : 0.11
1444 : 58 : 0.13
1446 : 62 : 0.14
1448 : 52 : 0.11
1450 : 46 : 0.11
1452 : 52 : 0.11
1454 : 45 : 0.10
1456 : 56 : 0.12
1458 : 40 : 0.10
1460 : 51 : 0.10
1462 : 49 : 0.11
1466 : 60 : 0.12
1466 : 58 : 0.13
1468 : 51 : 0.12
1470 : 52 : 0.10
1474 : 47 : 0.11
1474 : 58 : 0.11
1476 : 45 : 0.11
1478 : 65 : 0.13
1480 : 36 : 0.10
1482 : 61 : 0.12
1484 : 51 : 0.12
1486 : 70 : 0.15
1488 : 47 : 0.12
1490 : 58 : 0.11
1492 : 55 : 0.12
1494 : 58 : 0.14
1496 : 64 : 0.15
1498 : 48 : 0.11
1500 : 60 : 0.12
1502 : 58 : 0.12
1504 : 46 : 0.11
1506 : 58 : 0.12
1508 : 65 : 0.13
1510 : 64 : 0.15
1512 : 58 : 0.14
1514 : 51 : 0.11
1516 : 46 : 0.11
1518 : 59 : 0.12
1520 : 57 : 0.12
1522 : 47 : 0.10
1524 : 68 : 0.15
1526 : 50 : 0.12
1528 : 51 : 0.10
1530 : 58 : 0.12
1532 : 54 : 0.12
1534 : 64 : 0.14
1536 : 54 : 0.13
1538 : 54 : 0.12
1540 : 58 : 0.12
1542 : 74 : 0.16
1544 : 48 : 0.13
1546 : 56 : 0.11
1548 : 64 : 0.14
1550 : 63 : 0.14
1552 : 47 : 0.12
1554 : 63 : 0.14
1556 : 59 : 0.12
1558 : 61 : 0.14
1560 : 61 : 0.14
1562 : 67 : 0.15
1564 : 44 : 0.11
1566 : 69 : 0.14
1568 : 71 : 0.15
1570 : 57 : 0.14
1572 : 76 : 0.16
1574 : 68 : 0.15
1576 : 74 : 0.16
1578 : 69 : 0.16
1580 : 61 : 0.14
1582 : 85 : 0.18
1584 : 63 : 0.15
1586 : 74 : 0.17
1588 : 52 : 0.12
1590 : 63 : 0.12
1592 : 59 : 0.13
1594 : 60 : 0.15
1596 : 63 : 0.12
1598 : 59 : 0.13
1600 : 54 : 0.12
1602 : 59 : 0.14
1604 : 74 : 0.16
1606 : 68 : 0.17
1608 : 68 : 0.14
1610 : 75 : 0.18
1612 : 64 : 0.13
1614 : 68 : 0.15
1616 : 68 : 0.15
1618 : 66 : 0.15
1620 : 74 : 0.16
1622 : 75 : 0.16
1624 : 72 : 0.16
1626 : 70 : 0.15
1628 : 78 : 0.17
1630 : 86 : 0.19
1632 : 69 : 0.16
1634 : 63 : 0.15
1636 : 61 : 0.14
1638 : 82 : 0.18
1640 : 57 : 0.15
1642 : 58 : 0.12
1644 : 80 : 0.19
1646 : 64 : 0.14
1648 : 58 : 0.13
1650 : 67 : 0.14
1652 : 66 : 0.15
1654 : 62 : 0.14
1656 : 79 : 0.17
1658 : 67 : 0.16
1660 : 83 : 0.18
1662 : 70 : 0.17
1664 : 74 : 0.15
1666 : 61 : 0.15
1668 : 64 : 0.13
1670 : 65 : 0.14
1672 : 65 : 0.15
1674 : 65 : 0.15
1676 : 73 : 0.17
1678 : 82 : 0.18
1680 : 79 : 0.17
1682 : 63 : 0.15
1684 : 71 : 0.15
1686 : 91 : 0.20
1688 : 97 : 0.21
1690 : 87 : 0.19
1692 : 77 : 0.17
1694 : 73 : 0.16
1696 : 60 : 0.14
1698 : 78 : 0.17
1700 : 64 : 0.15
1702 : 86 : 0.19
1704 : 68 : 0.16
1706 : 68 : 0.16
1708 : 91 : 0.20
1710 : 82 : 0.18
1712 : 77 : 0.17
1714 : 79 : 0.17
1716 : 77 : 0.17
1718 : 75 : 0.16
1720 : 84 : 0.20
1722 : 72 : 0.16
1724 : 87 : 0.19
1726 : 67 : 0.16
1728 : 92 : 0.20
1730 : 78 : 0.19
1732 : 84 : 0.18
1734 : 77 : 0.17
1736 : 78 : 0.17
1738 : 84 : 0.19
1740 : 82 : 0.18
1742 : 88 : 0.19
1744 : 87 : 0.19
1746 : 86 : 0.19
1748 : 82 : 0.18
1750 : 81 : 0.17
1752 : 76 : 0.16
1754 : 75 : 0.17
1756 : 72 : 0.15
1758 : 106 : 0.23
1760 : 87 : 0.19
1762 : 76 : 0.16
1764 : 77 : 0.17
1766 : 89 : 0.19
1768 : 80 : 0.19
1770 : 75 : 0.18
1772 : 92 : 0.20
1774 : 79 : 0.17
1776 : 70 : 0.16
1778 : 74 : 0.17
1780 : 92 : 0.20
1782 : 75 : 0.18
1784 : 91 : 0.20
1786 : 77 : 0.17
1788 : 96 : 0.21
1790 : 86 : 0.19
1792 : 73 : 0.16
1794 : 84 : 0.18
1796 : 86 : 0.19
1798 : 71 : 0.16
1800 : 89 : 0.19
1802 : 72 : 0.16
1804 : 89 : 0.19
1806 : 62 : 0.15
1808 : 83 : 0.18
1810 : 65 : 0.16
1812 : 70 : 0.15
1814 : 74 : 0.16
1816 : 82 : 0.18
1818 : 93 : 0.20
1820 : 85 : 0.18
1822 : 93 : 0.20
1824 : 91 : 0.20
1826 : 73 : 0.16
1828 : 70 : 0.16
1830 : 81 : 0.17
1832 : 84 : 0.18
1836 : 78 : 0.17
1836 : 84 : 0.18
1838 : 93 : 0.20
1840 : 78 : 0.18
1844 : 94 : 0.20
1844 : 72 : 0.17
1846 : 90 : 0.19
1848 : 67 : 0.16
1850 : 87 : 0.19
1852 : 75 : 0.16
1854 : 77 : 0.17
1856 : 89 : 0.19
1858 : 74 : 0.17
1860 : 85 : 0.18
1862 : 88 : 0.19
1864 : 90 : 0.19
1866 : 83 : 0.18
1868 : 87 : 0.19
1870 : 60 : 0.15
1872 : 90 : 0.19
1874 : 71 : 0.18
1876 : 87 : 0.19
1878 : 76 : 0.18
1880 : 89 : 0.19
1882 : 81 : 0.17
1884 : 69 : 0.15
1886 : 65 : 0.14
1888 : 75 : 0.16
1890 : 95 : 0.20
1892 : 75 : 0.16
1894 : 74 : 0.16
1896 : 75 : 0.17
1898 : 74 : 0.17
1902 : 92 : 0.20
1902 : 97 : 0.21
1904 : 91 : 0.20
1906 : 82 : 0.18
1908 : 72 : 0.17
1910 : 77 : 0.17
1912 : 89 : 0.19
1914 : 77 : 0.18
1916 : 75 : 0.16
1918 : 68 : 0.16
1920 : 80 : 0.17
1922 : 71 : 0.16
1924 : 59 : 0.13
1926 : 73 : 0.16
1928 : 85 : 0.18
1930 : 69 : 0.15
1932 : 79 : 0.17
1934 : 91 : 0.20
1936 : 81 : 0.17
1938 : 81 : 0.17
1940 : 90 : 0.19
1942 : 79 : 0.17
1944 : 96 : 0.21
1946 : 88 : 0.19
1948 : 90 : 0.19
1950 : 103 : 0.22
1952 : 95 : 0.20
1954 : 88 : 0.19
1956 : 64 : 0.15
1958 : 78 : 0.16
1960 : 73 : 0.16
1962 : 79 : 0.17
1964 : 88 : 0.19
1966 : 84 : 0.18
1968 : 71 : 0.17
1970 : 69 : 0.15
1972 : 75 : 0.16
1974 : 90 : 0.19
1976 : 61 : 0.16
1978 : 70 : 0.15
1980 : 91 : 0.20
1982 : 91 : 0.20
1984 : 84 : 0.18
1986 : 89 : 0.19
1988 : 64 : 0.16
1992 : 85 : 0.20
1992 : 77 : 0.17
1996 : 72 : 0.17
1996 : 81 : 0.17
1998 : 67 : 0.15
2000 : 87 : 0.19
2002 : 76 : 0.18
2004 : 68 : 0.16
2006 : 68 : 0.15
2008 : 89 : 0.19
2010 : 85 : 0.18
2012 : 79 : 0.17
2014 : 76 : 0.16
2016 : 77 : 0.17
2018 : 98 : 0.21
2020 : 81 : 0.17
2022 : 86 : 0.19
2024 : 66 : 0.16
2026 : 75 : 0.17
2028 : 93 : 0.20
2030 : 82 : 0.18
2032 : 77 : 0.17
2034 : 88 : 0.22
2036 : 74 : 0.17
2038 : 106 : 0.23
2040 : 77 : 0.17
2042 : 72 : 0.16
2044 : 88 : 0.19
2046 : 95 : 0.20
2048 : 97 : 0.21
2050 : 81 : 0.20
2052 : 77 : 0.19
2054 : 74 : 0.16
2056 : 90 : 0.19
2058 : 78 : 0.17
2060 : 77 : 0.18
2062 : 75 : 0.16
2064 : 81 : 0.17
2066 : 91 : 0.20
2068 : 72 : 0.17
2070 : 81 : 0.17
2072 : 99 : 0.21
2074 : 95 : 0.20
2076 : 91 : 0.20
2078 : 87 : 0.19
2080 : 73 : 0.16
2082 : 93 : 0.20
2084 : 85 : 0.18
2086 : 93 : 0.21
2088 : 105 : 0.23
2090 : 85 : 0.18
2092 : 82 : 0.18
2094 : 81 : 0.17
2096 : 89 : 0.19
2098 : 102 : 0.22
2100 : 83 : 0.20
2102 : 84 : 0.18
2104 : 85 : 0.18
2106 : 91 : 0.20
2108 : 65 : 0.16
2110 : 89 : 0.19
2112 : 94 : 0.20
2114 : 85 : 0.18
2116 : 90 : 0.19
2118 : 78 : 0.19
2120 : 72 : 0.16
2122 : 89 : 0.19
2124 : 67 : 0.16
2126 : 98 : 0.21
2128 : 103 : 0.22
2130 : 75 : 0.16
2132 : 94 : 0.20
2134 : 80 : 0.17
2136 : 89 : 0.19
2138 : 70 : 0.16
2140 : 72 : 0.17
2142 : 98 : 0.21
2144 : 82 : 0.18
2146 : 68 : 0.16
2148 : 89 : 0.19
2152 : 64 : 0.15
2152 : 82 : 0.18
2154 : 72 : 0.17
2156 : 89 : 0.19
2158 : 81 : 0.19
2160 : 72 : 0.17
2162 : 77 : 0.17
2164 : 84 : 0.18
2166 : 76 : 0.18
2168 : 84 : 0.18
2170 : 60 : 0.15
2172 : 101 : 0.22
2174 : 86 : 0.19
2176 : 82 : 0.18
2178 : 83 : 0.18
2180 : 80 : 0.17
2182 : 80 : 0.18
2184 : 99 : 0.21
2186 : 100 : 0.22
2188 : 76 : 0.16
2190 : 73 : 0.17
2192 : 84 : 0.18
2194 : 86 : 0.19
2196 : 87 : 0.19
2198 : 90 : 0.19
2200 : 75 : 0.16
2202 : 79 : 0.17
2204 : 86 : 0.19
2206 : 85 : 0.22
2208 : 91 : 0.20
2210 : 100 : 0.22
2212 : 84 : 0.18
2214 : 91 : 0.20
2216 : 83 : 0.18
2218 : 80 : 0.18
2220 : 79 : 0.17
2222 : 85 : 0.18
2224 : 77 : 0.19
2226 : 90 : 0.19
2228 : 86 : 0.19
2230 : 87 : 0.19
2232 : 76 : 0.17
2234 : 88 : 0.19
2236 : 98 : 0.21
2238 : 94 : 0.20
2240 : 84 : 0.19
2242 : 69 : 0.16
2244 : 83 : 0.18
2246 : 79 : 0.18
2248 : 85 : 0.18
2250 : 75 : 0.17
2252 : 69 : 0.16
2254 : 73 : 0.17
2256 : 93 : 0.20
2258 : 73 : 0.18
2260 : 83 : 0.18
2262 : 83 : 0.18
2264 : 86 : 0.19
2266 : 80 : 0.18
2268 : 70 : 0.16
2270 : 75 : 0.16
2272 : 72 : 0.17
2274 : 81 : 0.17
2276 : 77 : 0.17
2278 : 86 : 0.19
2280 : 69 : 0.17
2282 : 68 : 0.15
2284 : 86 : 0.19
2286 : 72 : 0.16
2288 : 95 : 0.20
2290 : 77 : 0.17
2292 : 81 : 0.17
2294 : 78 : 0.18
2296 : 87 : 0.19
2298 : 90 : 0.21
2300 : 91 : 0.20
2302 : 66 : 0.15
2304 : 69 : 0.16
2306 : 93 : 0.20
2308 : 71 : 0.16
2310 : 65 : 0.15
2312 : 79 : 0.18
2314 : 74 : 0.17
2316 : 98 : 0.21
2318 : 78 : 0.18
2320 : 77 : 0.17
2322 : 68 : 0.15
2324 : 83 : 0.18
2326 : 68 : 0.15
2328 : 83 : 0.18
2330 : 96 : 0.21
2332 : 72 : 0.18
2334 : 76 : 0.16
2336 : 86 : 0.19
2338 : 98 : 0.21
2340 : 80 : 0.19
2342 : 101 : 0.22
2344 : 80 : 0.17
2346 : 91 : 0.20
2348 : 85 : 0.18
2350 : 91 : 0.20
2352 : 82 : 0.18
2354 : 88 : 0.19
2356 : 85 : 0.18
2358 : 84 : 0.19
2360 : 81 : 0.17
2362 : 80 : 0.18
2364 : 76 : 0.16
2366 : 98 : 0.21
2368 : 85 : 0.18
2370 : 83 : 0.20
2372 : 90 : 0.19
2374 : 91 : 0.20
2376 : 79 : 0.18
2378 : 87 : 0.19
2380 : 84 : 0.18
2382 : 86 : 0.19
2384 : 70 : 0.16
2386 : 83 : 0.18
2388 : 75 : 0.18
2390 : 81 : 0.17
2392 : 80 : 0.19
2394 : 80 : 0.17
2396 : 79 : 0.17
2398 : 73 : 0.16
2400 : 87 : 0.19
2402 : 85 : 0.20
2404 : 93 : 0.20
2406 : 79 : 0.19
2408 : 79 : 0.17
2410 : 77 : 0.17
2412 : 77 : 0.17
2414 : 77 : 0.17
2416 : 80 : 0.17
2418 : 90 : 0.19
2420 : 84 : 0.18
2422 : 84 : 0.18
2424 : 79 : 0.17
2426 : 94 : 0.20
2428 : 76 : 0.16
2430 : 77 : 0.17
2432 : 87 : 0.19
2434 : 80 : 0.19
2436 : 88 : 0.19
2438 : 89 : 0.21
2440 : 77 : 0.20
2442 : 95 : 0.20
2444 : 91 : 0.20
2446 : 72 : 0.16
2448 : 69 : 0.16
2450 : 88 : 0.19
2452 : 65 : 0.15
2454 : 84 : 0.18
2456 : 81 : 0.17
2458 : 83 : 0.18
2460 : 86 : 0.19
2462 : 79 : 0.17
2464 : 83 : 0.18
2466 : 64 : 0.15
2468 : 80 : 0.17
2470 : 70 : 0.16
2472 : 83 : 0.18
2474 : 69 : 0.15
2476 : 100 : 0.22
2478 : 76 : 0.17
2480 : 76 : 0.16
2482 : 79 : 0.18
2484 : 87 : 0.19
2486 : 83 : 0.18
2488 : 81 : 0.17
2490 : 74 : 0.17
2492 : 86 : 0.19
2494 : 74 : 0.16
2496 : 74 : 0.16
2498 : 87 : 0.19
2500 : 84 : 0.18
2502 : 76 : 0.19
2504 : 107 : 0.23
2506 : 81 : 0.17
2510 : 69 : 0.15
2510 : 102 : 0.22
2512 : 82 : 0.18
2514 : 104 : 0.22
2516 : 57 : 0.15
2518 : 75 : 0.16
2520 : 74 : 0.16
2522 : 99 : 0.21
2524 : 80 : 0.17
2526 : 77 : 0.17
2528 : 82 : 0.18
2530 : 82 : 0.18
2532 : 66 : 0.15
2534 : 83 : 0.18
2536 : 100 : 0.22
2538 : 91 : 0.20
2540 : 86 : 0.20
2542 : 82 : 0.20
2544 : 90 : 0.19
2546 : 87 : 0.19
2548 : 76 : 0.19
2550 : 86 : 0.19
2552 : 82 : 0.18
2554 : 91 : 0.20
2556 : 84 : 0.18
2558 : 82 : 0.18
2560 : 86 : 0.19
2562 : 76 : 0.17
2564 : 75 : 0.16
2566 : 84 : 0.20
2568 : 83 : 0.18
2570 : 95 : 0.20
2572 : 80 : 0.17
2574 : 66 : 0.15
2578 : 92 : 0.20
2578 : 88 : 0.19
2580 : 96 : 0.21
2582 : 84 : 0.18
2584 : 82 : 0.19
2586 : 78 : 0.17
2588 : 79 : 0.17
2590 : 82 : 0.18
2592 : 71 : 0.17
2596 : 83 : 0.18
2596 : 81 : 0.17
2598 : 84 : 0.18
2600 : 79 : 0.17
2602 : 88 : 0.19
2604 : 90 : 0.19
2606 : 85 : 0.18
2608 : 84 : 0.18
2610 : 78 : 0.17
2612 : 76 : 0.16
2614 : 79 : 0.17
2616 : 60 : 0.14
2618 : 90 : 0.19
2620 : 79 : 0.17
2622 : 81 : 0.17
2624 : 98 : 0.21
2626 : 85 : 0.18
2628 : 87 : 0.19
2630 : 96 : 0.21
2632 : 80 : 0.17
2634 : 85 : 0.18
2636 : 72 : 0.18
2638 : 84 : 0.18
2640 : 84 : 0.18
2642 : 76 : 0.17
2644 : 85 : 0.18
2646 : 85 : 0.18
2648 : 82 : 0.20
2650 : 84 : 0.18
2652 : 89 : 0.19
2654 : 79 : 0.17
2656 : 87 : 0.19
2658 : 103 : 0.22
2660 : 74 : 0.19
2662 : 70 : 0.16
2664 : 95 : 0.20
2666 : 88 : 0.19
2668 : 86 : 0.19
2670 : 88 : 0.19
2672 : 82 : 0.18
2674 : 81 : 0.17
2676 : 83 : 0.18
2678 : 86 : 0.19
2680 : 81 : 0.17
2682 : 87 : 0.19
2684 : 84 : 0.18
2686 : 70 : 0.16
2688 : 89 : 0.19
2690 : 83 : 0.18
2692 : 83 : 0.18
2694 : 84 : 0.18
2696 : 85 : 0.18
2698 : 81 : 0.17
2700 : 81 : 0.17
2702 : 90 : 0.19
2704 : 85 : 0.18
2706 : 72 : 0.17
2708 : 79 : 0.17
2710 : 69 : 0.16
2712 : 88 : 0.19
2714 : 97 : 0.21
2716 : 86 : 0.21
2718 : 92 : 0.20
2720 : 77 : 0.17
2722 : 72 : 0.16
2724 : 88 : 0.19
2726 : 88 : 0.19
2728 : 75 : 0.16
2730 : 97 : 0.21
2732 : 97 : 0.21
2734 : 81 : 0.17
2736 : 91 : 0.20
2738 : 88 : 0.19
2740 : 90 : 0.19
2742 : 81 : 0.18
2744 : 90 : 0.19
2746 : 75 : 0.17
2748 : 85 : 0.20
2750 : 80 : 0.17
2752 : 75 : 0.17
2754 : 90 : 0.19
2756 : 74 : 0.16
2758 : 88 : 0.19
2760 : 89 : 0.19
2762 : 87 : 0.19
2764 : 85 : 0.18
2766 : 84 : 0.18
2768 : 96 : 0.21
2770 : 79 : 0.17
2772 : 79 : 0.17
2774 : 82 : 0.18
2776 : 83 : 0.20
2778 : 68 : 0.15
2780 : 83 : 0.18
2782 : 95 : 0.20
2784 : 87 : 0.19
2786 : 81 : 0.17
2788 : 97 : 0.21
2790 : 90 : 0.19
2792 : 81 : 0.19
2794 : 85 : 0.18
2796 : 93 : 0.20
2798 : 68 : 0.15
2800 : 96 : 0.21
2802 : 89 : 0.19
2804 : 91 : 0.20
2806 : 73 : 0.16
2808 : 83 : 0.18
2810 : 87 : 0.19
2812 : 77 : 0.18
2814 : 72 : 0.16
2818 : 84 : 0.18
2818 : 94 : 0.20
2820 : 87 : 0.19
2822 : 85 : 0.19
2824 : 87 : 0.19
2826 : 79 : 0.17
2828 : 79 : 0.17
2830 : 89 : 0.19
2832 : 77 : 0.17
2834 : 87 : 0.19
2836 : 95 : 0.20
2838 : 70 : 0.16
2840 : 74 : 0.17
2842 : 87 : 0.19
2844 : 85 : 0.18
2846 : 82 : 0.18
2848 : 77 : 0.17
2850 : 89 : 0.19
2852 : 67 : 0.16
2854 : 74 : 0.16
2856 : 89 : 0.19
2858 : 80 : 0.20
2860 : 77 : 0.17
2862 : 78 : 0.17
2864 : 71 : 0.16
2866 : 84 : 0.20
2868 : 93 : 0.20
2872 : 84 : 0.18
2872 : 86 : 0.19
2874 : 97 : 0.21
2876 : 79 : 0.17
2878 : 77 : 0.17
2880 : 90 : 0.19
2882 : 83 : 0.19
2884 : 81 : 0.17
2886 : 91 : 0.20
2888 : 97 : 0.21
2890 : 94 : 0.20
2892 : 87 : 0.21
2894 : 87 : 0.19
2896 : 85 : 0.18
2898 : 94 : 0.20
2900 : 98 : 0.21
2902 : 87 : 0.19
2904 : 62 : 0.15
2906 : 82 : 0.18
2908 : 71 : 0.16
2910 : 83 : 0.18
2912 : 97 : 0.21
2914 : 81 : 0.19
2916 : 85 : 0.18
2918 : 87 : 0.19
2920 : 99 : 0.21
2922 : 87 : 0.19
2924 : 114 : 0.25
2926 : 87 : 0.19
2928 : 85 : 0.18
2930 : 80 : 0.17
2932 : 73 : 0.16
2934 : 71 : 0.15
2936 : 92 : 0.20
2938 : 75 : 0.16
2940 : 83 : 0.18
2942 : 81 : 0.17
2944 : 96 : 0.21
2946 : 78 : 0.17
2948 : 71 : 0.16
2950 : 78 : 0.17
2952 : 82 : 0.18
2954 : 88 : 0.19
2956 : 70 : 0.16
2958 : 86 : 0.19
2960 : 79 : 0.17
2962 : 81 : 0.17
2966 : 100 : 0.22
2966 : 107 : 0.23
2968 : 98 : 0.21
2970 : 79 : 0.17
2972 : 92 : 0.20
2974 : 76 : 0.18
2976 : 89 : 0.19
2978 : 92 : 0.20
2980 : 82 : 0.18
2982 : 95 : 0.20
2984 : 90 : 0.19
2986 : 74 : 0.18
2988 : 70 : 0.16
2990 : 83 : 0.18
2992 : 81 : 0.17
2994 : 91 : 0.20
2996 : 92 : 0.20
2998 : 76 : 0.16
3000 : 79 : 0.17
3002 : 91 : 0.20
3004 : 85 : 0.20
3006 : 72 : 0.16
3008 : 79 : 0.18
3010 : 72 : 0.17
3012 : 85 : 0.18
3014 : 93 : 0.20
3016 : 56 : 0.15
3018 : 83 : 0.18
3020 : 74 : 0.19
3022 : 86 : 0.19
3024 : 70 : 0.16
3028 : 82 : 0.18
3028 : 89 : 0.19
3030 : 90 : 0.19
3032 : 69 : 0.16
3034 : 77 : 0.17
3036 : 94 : 0.20
3038 : 96 : 0.21
3040 : 86 : 0.19
3042 : 87 : 0.19
3044 : 72 : 0.16
3046 : 84 : 0.18
3048 : 90 : 0.19
3050 : 79 : 0.17
3052 : 86 : 0.19
3054 : 91 : 0.20
3056 : 95 : 0.20
3058 : 86 : 0.19
3060 : 74 : 0.16
3062 : 96 : 0.21
3064 : 97 : 0.21
3066 : 68 : 0.16
3068 : 78 : 0.17
3070 : 95 : 0.20
3072 : 68 : 0.15
3074 : 90 : 0.19
3076 : 80 : 0.17
3078 : 98 : 0.21
3080 : 80 : 0.17
3082 : 90 : 0.19
3084 : 98 : 0.21
3086 : 93 : 0.20
3088 : 95 : 0.20
3090 : 86 : 0.19
3092 : 74 : 0.17
3094 : 84 : 0.18
3096 : 84 : 0.18
3098 : 79 : 0.17
3102 : 91 : 0.20
3102 : 81 : 0.17
3106 : 79 : 0.17
3106 : 83 : 0.19
3108 : 78 : 0.17
3110 : 80 : 0.17
3112 : 80 : 0.17
3114 : 78 : 0.17
3116 : 76 : 0.16
3118 : 92 : 0.20
3120 : 84 : 0.18
3122 : 88 : 0.19
3124 : 80 : 0.19
3126 : 93 : 0.23
3128 : 84 : 0.18
3130 : 71 : 0.15
3132 : 99 : 0.21
3134 : 91 : 0.20
3136 : 98 : 0.21
3138 : 69 : 0.15
3140 : 68 : 0.16
3142 : 86 : 0.19
3144 : 77 : 0.17
3146 : 99 : 0.21
3148 : 92 : 0.20
3150 : 88 : 0.19
3152 : 73 : 0.16
3154 : 96 : 0.21
3156 : 91 : 0.20
3158 : 77 : 0.18
3160 : 104 : 0.22
3162 : 83 : 0.18
3164 : 93 : 0.20
3166 : 80 : 0.17
3168 : 92 : 0.20
3170 : 84 : 0.20
3172 : 75 : 0.16
3174 : 97 : 0.21
3176 : 79 : 0.17
3178 : 81 : 0.17
3180 : 90 : 0.19
3182 : 75 : 0.18
3184 : 94 : 0.20
3186 : 82 : 0.18
3188 : 77 : 0.17
3190 : 88 : 0.19
3192 : 82 : 0.18
3194 : 112 : 0.24
3196 : 105 : 0.23
3198 : 92 : 0.20
3200 : 85 : 0.18
3202 : 90 : 0.19
3204 : 83 : 0.18
3206 : 95 : 0.20
3208 : 94 : 0.20
3210 : 82 : 0.18
3212 : 102 : 0.22
3214 : 75 : 0.16
3216 : 104 : 0.22
3218 : 80 : 0.17
3220 : 78 : 0.17
3222 : 90 : 0.19
3224 : 80 : 0.17
3226 : 76 : 0.18
3228 : 84 : 0.18
3232 : 99 : 0.21
3232 : 83 : 0.18
3234 : 84 : 0.18
3236 : 94 : 0.20
3238 : 82 : 0.18
3240 : 92 : 0.20
3242 : 82 : 0.19
3244 : 80 : 0.17
3246 : 81 : 0.17
3248 : 71 : 0.15
3250 : 71 : 0.16
3252 : 106 : 0.23
3254 : 72 : 0.16
3256 : 82 : 0.18
3258 : 91 : 0.20
3260 : 89 : 0.19
3262 : 80 : 0.17
3264 : 94 : 0.20
3266 : 78 : 0.19
3268 : 89 : 0.19
3270 : 67 : 0.16
3272 : 90 : 0.19
3274 : 82 : 0.18
3276 : 91 : 0.20
3278 : 87 : 0.19
3280 : 80 : 0.17
3282 : 77 : 0.17
3284 : 72 : 0.16
3286 : 100 : 0.22
3288 : 75 : 0.16
3290 : 82 : 0.18
3292 : 77 : 0.17
3294 : 91 : 0.20
3296 : 89 : 0.19
3298 : 79 : 0.17
3300 : 95 : 0.20
3302 : 86 : 0.19
3304 : 83 : 0.18
3306 : 76 : 0.18
3308 : 83 : 0.18
3310 : 88 : 0.19
3312 : 75 : 0.16
3314 : 88 : 0.19
3316 : 82 : 0.18
3318 : 98 : 0.21
3320 : 81 : 0.17
3322 : 95 : 0.20
3324 : 93 : 0.20
3326 : 87 : 0.19
3328 : 84 : 0.18
3330 : 84 : 0.18
3332 : 107 : 0.23
3334 : 74 : 0.17
3336 : 92 : 0.20
3338 : 97 : 0.21
3340 : 72 : 0.17
3342 : 66 : 0.14
3344 : 82 : 0.18
3346 : 81 : 0.17
3348 : 83 : 0.18
3350 : 89 : 0.19
3352 : 86 : 0.19
3354 : 89 : 0.19
3356 : 87 : 0.19
3358 : 73 : 0.16
3360 : 89 : 0.19
3362 : 80 : 0.17
3364 : 94 : 0.20
3366 : 98 : 0.21
3368 : 90 : 0.19
3370 : 81 : 0.19
3372 : 87 : 0.19
3374 : 85 : 0.18
3376 : 76 : 0.17
3378 : 76 : 0.16
3380 : 86 : 0.19
3382 : 89 : 0.19
3384 : 94 : 0.20
3386 : 77 : 0.17
3388 : 104 : 0.22
3390 : 99 : 0.21
3392 : 87 : 0.19
3394 : 91 : 0.20
3396 : 88 : 0.19
3398 : 87 : 0.19
3400 : 81 : 0.17
3402 : 82 : 0.20
3404 : 88 : 0.19
3406 : 86 : 0.19
3408 : 73 : 0.16
3410 : 77 : 0.17
3412 : 90 : 0.19
3414 : 87 : 0.19
3416 : 85 : 0.18
3418 : 88 : 0.19
3420 : 77 : 0.17
3422 : 79 : 0.17
3424 : 93 : 0.20
3426 : 87 : 0.19
3428 : 100 : 0.22
3430 : 67 : 0.16
3432 : 99 : 0.21
3434 : 105 : 0.23
3436 : 93 : 0.20
3438 : 66 : 0.15
3440 : 72 : 0.15
3442 : 82 : 0.18
3444 : 68 : 0.17
3446 : 78 : 0.17
3448 : 62 : 0.15
3450 : 75 : 0.16
3452 : 91 : 0.20
3454 : 98 : 0.21
3456 : 100 : 0.22
3458 : 92 : 0.20
3460 : 95 : 0.23
3462 : 87 : 0.19
3464 : 109 : 0.23
3466 : 84 : 0.18
3468 : 89 : 0.19
3470 : 89 : 0.19
3472 : 73 : 0.17
3474 : 81 : 0.19
3476 : 75 : 0.17
3478 : 86 : 0.19
3480 : 78 : 0.18
3482 : 69 : 0.16
3484 : 71 : 0.15
3486 : 71 : 0.15
3488 : 88 : 0.19
3490 : 73 : 0.16
3492 : 90 : 0.22
3494 : 104 : 0.22
3496 : 77 : 0.18
3498 : 87 : 0.19
3500 : 92 : 0.20
3502 : 99 : 0.21
3504 : 103 : 0.22
3506 : 68 : 0.17
3508 : 85 : 0.18
3510 : 93 : 0.20
3512 : 88 : 0.19
3514 : 72 : 0.17
3516 : 90 : 0.19
3518 : 69 : 0.16
3520 : 83 : 0.18
3522 : 85 : 0.18
3524 : 71 : 0.15
3526 : 85 : 0.18
3528 : 91 : 0.20
3530 : 84 : 0.21
3532 : 85 : 0.18
3534 : 92 : 0.20
3536 : 82 : 0.18
3538 : 78 : 0.18
3540 : 95 : 0.20
3542 : 84 : 0.18
3544 : 74 : 0.18
3546 : 77 : 0.17
3548 : 88 : 0.19
3550 : 72 : 0.17
3552 : 90 : 0.19
3554 : 89 : 0.19
3556 : 72 : 0.16
3558 : 86 : 0.19
3560 : 83 : 0.18
3562 : 83 : 0.18
3564 : 85 : 0.18
3566 : 75 : 0.16
3568 : 98 : 0.21
3570 : 97 : 0.21
3572 : 79 : 0.17
3574 : 88 : 0.19
3576 : 89 : 0.19
3578 : 76 : 0.16
3580 : 83 : 0.18
3582 : 87 : 0.19
3584 : 99 : 0.21
3586 : 100 : 0.22
3588 : 67 : 0.16
3590 : 89 : 0.22
3592 : 103 : 0.22
3594 : 92 : 0.20
3596 : 84 : 0.18
3598 : 89 : 0.19
3600 : 82 : 0.18
3602 : 93 : 0.20
3604 : 83 : 0.18
3606 : 85 : 0.18
3608 : 93 : 0.20
3610 : 72 : 0.16
3612 : 81 : 0.17
3614 : 68 : 0.15
3616 : 90 : 0.19
3618 : 84 : 0.18
3620 : 102 : 0.22
3622 : 78 : 0.17
3624 : 82 : 0.18
3626 : 83 : 0.18
3628 : 87 : 0.19
3630 : 88 : 0.19
3632 : 108 : 0.23
3634 : 77 : 0.17
3636 : 78 : 0.17
3638 : 84 : 0.18
3640 : 81 : 0.17
3642 : 86 : 0.19
3644 : 75 : 0.16
3646 : 100 : 0.22
3648 : 111 : 0.24
3650 : 97 : 0.21
3652 : 104 : 0.22
3654 : 86 : 0.19
3656 : 97 : 0.21
3658 : 88 : 0.19
3660 : 83 : 0.18
3662 : 84 : 0.20
3664 : 93 : 0.20
3666 : 85 : 0.18
3668 : 66 : 0.15
3670 : 85 : 0.18
3672 : 76 : 0.18
3674 : 88 : 0.19
3676 : 108 : 0.23
3678 : 89 : 0.19
3680 : 80 : 0.17
3682 : 96 : 0.21
3686 : 86 : 0.19
3686 : 90 : 0.19
3688 : 100 : 0.22
3690 : 92 : 0.20
3692 : 89 : 0.19
3694 : 85 : 0.18
3696 : 89 : 0.19
3698 : 85 : 0.18
3700 : 77 : 0.17
3702 : 81 : 0.17
3704 : 89 : 0.19
3706 : 94 : 0.20
3708 : 79 : 0.17
3710 : 89 : 0.19
3712 : 95 : 0.20
3714 : 66 : 0.16
3716 : 93 : 0.20
3718 : 99 : 0.21
3720 : 94 : 0.20
3722 : 93 : 0.20
3724 : 87 : 0.19
3726 : 75 : 0.16
3728 : 97 : 0.21
3730 : 86 : 0.19
3732 : 84 : 0.18
3734 : 73 : 0.16
3736 : 78 : 0.17
3738 : 86 : 0.19
3740 : 77 : 0.17
3742 : 94 : 0.20
3744 : 96 : 0.21
3746 : 88 : 0.19
3748 : 88 : 0.19
3750 : 79 : 0.19
3752 : 86 : 0.19
3754 : 78 : 0.17
3756 : 77 : 0.18
3758 : 79 : 0.17
3760 : 74 : 0.16
3762 : 86 : 0.19
3764 : 97 : 0.21
3766 : 90 : 0.19
3768 : 87 : 0.19
3770 : 83 : 0.18
3772 : 75 : 0.16
3774 : 77 : 0.17
3776 : 98 : 0.21
3778 : 62 : 0.14
3780 : 71 : 0.16
3782 : 83 : 0.18
3784 : 85 : 0.18
3786 : 83 : 0.18
3788 : 78 : 0.17
3790 : 84 : 0.18
3792 : 84 : 0.18
3794 : 70 : 0.16
3796 : 78 : 0.17
3798 : 98 : 0.21
3800 : 93 : 0.20
3802 : 96 : 0.21
3804 : 67 : 0.17
3806 : 69 : 0.15
3808 : 72 : 0.17
3810 : 82 : 0.19
3812 : 99 : 0.21
3814 : 99 : 0.21
3816 : 75 : 0.19
3818 : 97 : 0.21
3820 : 80 : 0.17
3822 : 87 : 0.19
3824 : 89 : 0.19
3826 : 81 : 0.17
3828 : 83 : 0.18
3830 : 100 : 0.22
3832 : 82 : 0.18
3834 : 104 : 0.22
3836 : 91 : 0.20
3838 : 75 : 0.16
3842 : 66 : 0.15
3842 : 80 : 0.17
3844 : 67 : 0.15
3846 : 97 : 0.21
3848 : 97 : 0.21
3850 : 86 : 0.19
3852 : 89 : 0.19
3854 : 94 : 0.20
3856 : 89 : 0.19
3858 : 86 : 0.19
3860 : 94 : 0.20
3862 : 78 : 0.17
3864 : 98 : 0.21
3866 : 86 : 0.19
3868 : 77 : 0.18
3870 : 89 : 0.19
3872 : 85 : 0.18
3874 : 81 : 0.17
3876 : 72 : 0.16
3878 : 78 : 0.17
3880 : 81 : 0.17
3882 : 92 : 0.20
3884 : 86 : 0.19
3886 : 90 : 0.19
3888 : 87 : 0.19
3890 : 100 : 0.22
3892 : 68 : 0.16
3894 : 89 : 0.19
3896 : 78 : 0.17
3898 : 82 : 0.18
3900 : 101 : 0.22
3902 : 89 : 0.19
3904 : 79 : 0.17
3906 : 90 : 0.19
3908 : 103 : 0.22
3910 : 92 : 0.20
3912 : 89 : 0.19
3914 : 90 : 0.19
3916 : 84 : 0.18
3918 : 88 : 0.19
3920 : 81 : 0.17
3922 : 94 : 0.20
3924 : 88 : 0.19
3926 : 86 : 0.19
3928 : 76 : 0.17
3930 : 91 : 0.20
3932 : 81 : 0.17
3934 : 66 : 0.15
3936 : 87 : 0.21
3938 : 85 : 0.18
3940 : 86 : 0.19
3942 : 95 : 0.20
3944 : 91 : 0.20
3946 : 72 : 0.18
3948 : 78 : 0.17
3950 : 91 : 0.20
3952 : 94 : 0.20
3954 : 83 : 0.18
3956 : 90 : 0.22
3958 : 60 : 0.13
3960 : 88 : 0.19
3962 : 81 : 0.17
3964 : 75 : 0.17
3966 : 69 : 0.15
3968 : 100 : 0.22
3970 : 77 : 0.18
3972 : 82 : 0.18
3974 : 68 : 0.15
3976 : 77 : 0.17
3978 : 82 : 0.20
3980 : 73 : 0.16
3982 : 96 : 0.21
3984 : 78 : 0.17
3986 : 90 : 0.19
3990 : 97 : 0.21
3990 : 93 : 0.20
3992 : 100 : 0.22
3994 : 89 : 0.19
3996 : 80 : 0.17
3998 : 99 : 0.21
4000 : 84 : 0.21
4002 : 83 : 0.18
4004 : 72 : 0.16
4006 : 80 : 0.17
4008 : 72 : 0.17
4010 : 75 : 0.16
4012 : 69 : 0.16
4014 : 90 : 0.19
4016 : 92 : 0.20
4018 : 98 : 0.21
4020 : 76 : 0.19
4022 : 77 : 0.18
4024 : 106 : 0.23
4026 : 80 : 0.19
4028 : 91 : 0.20
4030 : 102 : 0.22
4032 : 78 : 0.17
4034 : 71 : 0.16
4036 : 92 : 0.20
4038 : 84 : 0.19
4040 : 91 : 0.20
4042 : 71 : 0.17
4044 : 95 : 0.20
4046 : 77 : 0.18
4048 : 78 : 0.18
4050 : 88 : 0.19
4052 : 83 : 0.18
4054 : 91 : 0.20
4056 : 88 : 0.22
4058 : 74 : 0.16
4060 : 90 : 0.19
4062 : 90 : 0.19
4064 : 86 : 0.19
4066 : 66 : 0.16
4068 : 83 : 0.18
4070 : 88 : 0.19
4072 : 80 : 0.17
4074 : 81 : 0.17
4076 : 104 : 0.22
4078 : 68 : 0.16
4080 : 88 : 0.19
4082 : 92 : 0.20
4084 : 84 : 0.18
4086 : 96 : 0.21
4088 : 90 : 0.19
4090 : 77 : 0.18
4092 : 79 : 0.17
4094 : 84 : 0.18
4096 : 85 : 0.18
4098 : 80 : 0.18
4100 : 81 : 0.17
4102 : 92 : 0.20
4104 : 93 : 0.20
4106 : 88 : 0.19
4108 : 74 : 0.16
4110 : 83 : 0.18
4112 : 103 : 0.22
4114 : 90 : 0.19
4116 : 82 : 0.18
4118 : 80 : 0.17
4120 : 68 : 0.15
4122 : 74 : 0.16
4124 : 79 : 0.17
4126 : 76 : 0.16
4128 : 86 : 0.19
4130 : 85 : 0.18
4132 : 70 : 0.15
4134 : 75 : 0.17
4136 : 94 : 0.20
4138 : 90 : 0.19
4140 : 94 : 0.20
4142 : 70 : 0.16
4144 : 86 : 0.19
4146 : 96 : 0.21
4150 : 90 : 0.19
4150 : 83 : 0.18
4152 : 88 : 0.19
4154 : 82 : 0.18
4156 : 84 : 0.18
4158 : 65 : 0.16
4160 : 76 : 0.16
4162 : 86 : 0.19
4164 : 92 : 0.20
4166 : 90 : 0.19
4168 : 93 : 0.20
4170 : 74 : 0.17
4172 : 105 : 0.23
4174 : 81 : 0.17
4176 : 90 : 0.19
4178 : 89 : 0.19
4180 : 76 : 0.16
4182 : 77 : 0.18
4184 : 82 : 0.18
4186 : 85 : 0.18
4188 : 77 : 0.18
4190 : 80 : 0.17
4192 : 76 : 0.16
4194 : 84 : 0.18
4196 : 91 : 0.20
4198 : 85 : 0.18
4200 : 79 : 0.17
4202 : 82 : 0.18
4204 : 71 : 0.16
4206 : 72 : 0.16
4208 : 87 : 0.19
4212 : 94 : 0.20
4212 : 78 : 0.17
4214 : 102 : 0.22
4216 : 65 : 0.16
4218 : 67 : 0.15
4220 : 82 : 0.18
4222 : 90 : 0.19
4224 : 93 : 0.20
4226 : 88 : 0.19
4228 : 67 : 0.15
4230 : 81 : 0.17
4232 : 71 : 0.16
4234 : 91 : 0.20
4236 : 74 : 0.17
4238 : 76 : 0.18
4240 : 84 : 0.18
4242 : 65 : 0.16
4244 : 76 : 0.17
4246 : 71 : 0.16
4248 : 79 : 0.17
4250 : 88 : 0.19
4252 : 79 : 0.19
4254 : 82 : 0.19
4256 : 74 : 0.16
4258 : 59 : 0.14
4260 : 80 : 0.17
4262 : 64 : 0.15
4264 : 76 : 0.16
4266 : 78 : 0.17
4270 : 65 : 0.15
4270 : 73 : 0.16
4272 : 89 : 0.19
4274 : 56 : 0.14
4276 : 79 : 0.17
4278 : 73 : 0.16
4280 : 71 : 0.16
4282 : 87 : 0.19
4284 : 81 : 0.19
4286 : 66 : 0.15
4288 : 74 : 0.16
4290 : 68 : 0.16
4292 : 85 : 0.18
4294 : 59 : 0.14
4296 : 68 : 0.15
4298 : 61 : 0.14
4300 : 77 : 0.18
4302 : 67 : 0.14
4304 : 65 : 0.14
4306 : 60 : 0.13
4308 : 75 : 0.16
4310 : 56 : 0.13
4312 : 55 : 0.12
4314 : 64 : 0.13
4316 : 64 : 0.14
4318 : 60 : 0.13
4320 : 66 : 0.15
4322 : 60 : 0.14
4324 : 65 : 0.15
4326 : 65 : 0.13
4328 : 77 : 0.17
4330 : 58 : 0.13
4332 : 67 : 0.15
4334 : 67 : 0.15
4336 : 59 : 0.14
4338 : 51 : 0.13
4340 : 55 : 0.11
4342 : 62 : 0.13
4344 : 52 : 0.12
4346 : 54 : 0.12
4348 : 72 : 0.17
4350 : 51 : 0.12
4352 : 53 : 0.11
4354 : 60 : 0.13
4356 : 53 : 0.11
4358 : 57 : 0.15
4360 : 51 : 0.10
4362 : 52 : 0.11
4364 : 55 : 0.12
4366 : 42 : 0.09
4368 : 54 : 0.12
4370 : 47 : 0.11
4372 : 37 : 0.08
4374 : 48 : 0.10
4376 : 67 : 0.14
4378 : 49 : 0.12
4380 : 51 : 0.12
4382 : 60 : 0.12
4384 : 67 : 0.16
4386 : 46 : 0.11
4388 : 43 : 0.09
4390 : 52 : 0.11
4392 : 54 : 0.11
4394 : 51 : 0.12
4396 : 48 : 0.10
4398 : 57 : 0.13
4400 : 52 : 0.11
4402 : 30 : 0.09
4404 : 59 : 0.11
4406 : 55 : 0.13
4408 : 43 : 0.10
4410 : 57 : 0.11
4412 : 57 : 0.13
4414 : 46 : 0.10
4416 : 39 : 0.08
4418 : 66 : 0.15
4420 : 40 : 0.10
4422 : 41 : 0.09
4426 : 38 : 0.08
4426 : 37 : 0.08
4428 : 51 : 0.10
4430 : 41 : 0.10
4432 : 47 : 0.10
4434 : 43 : 0.09
4436 : 50 : 0.10
4438 : 56 : 0.12
4440 : 51 : 0.11
4442 : 25 : 0.09
4444 : 44 : 0.09
4446 : 34 : 0.08
4448 : 49 : 0.09
4450 : 49 : 0.11
4452 : 44 : 0.09
4454 : 35 : 0.09
4456 : 31 : 0.07
4458 : 42 : 0.09
4460 : 44 : 0.09
4462 : 24 : 0.07
4464 : 37 : 0.07
4468 : 37 : 0.09
4468 : 39 : 0.08
4470 : 44 : 0.09
4472 : 39 : 0.09
4474 : 35 : 0.08
4476 : 45 : 0.09
4478 : 28 : 0.09
4480 : 26 : 0.06
4482 : 36 : 0.07
4484 : 40 : 0.09
4486 : 28 : 0.08
4488 : 37 : 0.07
4490 : 35 : 0.08
4492 : 40 : 0.09
4494 : 31 : 0.07
4496 : 30 : 0.08
4498 : 42 : 0.08
4500 : 32 : 0.08
4502 : 27 : 0.07
4504 : 29 : 0.06
4506 : 33 : 0.07
4508 : 25 : 0.06
4510 : 30 : 0.06
4512 : 30 : 0.06
4514 : 34 : 0.07
4516 : 23 : 0.07
4520 : 24 : 0.05
4520 : 38 : 0.07
4522 : 32 : 0.07
4524 : 33 : 0.07
4526 : 25 : 0.06
4528 : 35 : 0.07
4530 : 31 : 0.07
4532 : 25 : 0.07
4534 : 33 : 0.06
4536 : 30 : 0.07
4538 : 22 : 0.06
4540 : 29 : 0.06
4542 : 40 : 0.08
4544 : 31 : 0.08
4546 : 22 : 0.06
4548 : 33 : 0.06
4550 : 38 : 0.08
4552 : 23 : 0.07
4554 : 42 : 0.08
4556 : 23 : 0.07
4558 : 31 : 0.06
4560 : 27 : 0.06
4562 : 21 : 0.05
4564 : 28 : 0.05
4566 : 29 : 0.06
4568 : 23 : 0.06
4570 : 25 : 0.05
4574 : 34 : 0.06
4574 : 22 : 0.06
4576 : 26 : 0.05
4578 : 18 : 0.05
4580 : 31 : 0.05
4582 : 21 : 0.06
4584 : 24 : 0.05
4586 : 22 : 0.05
4588 : 22 : 0.05
4590 : 29 : 0.06
4592 : 28 : 0.06
4594 : 24 : 0.06
4596 : 23 : 0.05
4598 : 25 : 0.05
4600 : 18 : 0.05
4602 : 24 : 0.05
4604 : 29 : 0.06
4606 : 28 : 0.06
4608 : 22 : 0.06
4610 : 17 : 0.04
4612 : 19 : 0.04
4614 : 25 : 0.05
4616 : 18 : 0.05
4618 : 15 : 0.04
4620 : 26 : 0.04
4622 : 22 : 0.06
4624 : 25 : 0.05
4626 : 21 : 0.05
4628 : 12 : 0.04
4630 : 19 : 0.03
4632 : 29 : 0.05
4634 : 13 : 0.05
4636 : 20 : 0.04
4638 : 16 : 0.04
4640 : 26 : 0.05
4642 : 35 : 0.07
4644 : 19 : 0.06
4646 : 25 : 0.05
4648 : 20 : 0.05
4650 : 21 : 0.04
4652 : 20 : 0.05
4654 : 20 : 0.04
4656 : 19 : 0.04
4658 : 17 : 0.04
4660 : 22 : 0.04
4662 : 27 : 0.05
4664 : 19 : 0.05
4668 : 25 : 0.05
4668 : 16 : 0.05
4670 : 13 : 0.04
4672 : 17 : 0.03
4674 : 17 : 0.03
4676 : 16 : 0.04
4678 : 17 : 0.04
4680 : 18 : 0.04
4682 : 23 : 0.04
4684 : 14 : 0.04
4686 : 9 : 0.03
4688 : 22 : 0.03
4690 : 19 : 0.04
4692 : 11 : 0.04
4694 : 17 : 0.03
4696 : 14 : 0.03
4698 : 13 : 0.03
4700 : 17 : 0.03
4702 : 21 : 0.04
4704 : 15 : 0.04
4706 : 28 : 0.05
4708 : 14 : 0.05
4710 : 16 : 0.04
4712 : 16 : 0.03
4714 : 12 : 0.03
4716 : 19 : 0.03
4718 : 12 : 0.03
4720 : 15 : 0.03
4722 : 19 : 0.03
4724 : 17 : 0.04
4726 : 16 : 0.04
4728 : 11 : 0.03
4730 : 14 : 0.03
4732 : 23 : 0.04
4734 : 15 : 0.04
4736 : 18 : 0.04
4738 : 16 : 0.04
4740 : 12 : 0.03
4742 : 24 : 0.04
4744 : 9 : 0.03
4746 : 18 : 0.03
4748 : 15 : 0.03
4750 : 16 : 0.03
4752 : 20 : 0.04
4754 : 15 : 0.04
4756 : 18 : 0.04
4758 : 12 : 0.03
4760 : 10 : 0.03
4764 : 11 : 0.03
4764 : 20 : 0.03
4766 : 12 : 0.03
4768 : 12 : 0.03
4770 : 9 : 0.03
4772 : 16 : 0.03
4774 : 11 : 0.03
4776 : 11 : 0.03
4778 : 11 : 0.02
4780 : 14 : 0.03
4782 : 17 : 0.03
4784 : 11 : 0.03
4786 : 18 : 0.03
4788 : 11 : 0.03
4790 : 10 : 0.03
4792 : 19 : 0.03
4794 : 15 : 0.03
4796 : 6 : 0.03
4798 : 8 : 0.03
4800 : 14 : 0.02
4802 : 7 : 0.02
4804 : 15 : 0.02
4806 : 11 : 0.02
4808 : 11 : 0.03
4810 : 6 : 0.02
4812 : 7 : 0.02
4814 : 9 : 0.02
4816 : 7 : 0.02
4818 : 10 : 0.02
4820 : 13 : 0.02
4822 : 9 : 0.02
4824 : 6 : 0.02
4826 : 11 : 0.02
4828 : 14 : 0.02
4830 : 2 : 0.02
4832 : 7 : 0.02
4834 : 10 : 0.02
4836 : 11 : 0.02
4838 : 15 : 0.02
4840 : 16 : 0.03
4842 : 12 : 0.03
4844 : 6 : 0.03
4846 : 10 : 0.02
4848 : 8 : 0.02
4850 : 13 : 0.02
4852 : 10 : 0.03
4854 : 12 : 0.02
4856 : 9 : 0.02
4858 : 2 : 0.02
4860 : 6 : 0.02
4862 : 10 : 0.02
4864 : 11 : 0.02
4866 : 4 : 0.02
4868 : 7 : 0.02
4870 : 5 : 0.02
4872 : 11 : 0.02
4876 : 6 : 0.02
4876 : 7 : 0.02
4878 : 9 : 0.02
4880 : 6 : 0.02
4882 : 6 : 0.02
4884 : 11 : 0.02
4886 : 7 : 0.02
4888 : 12 : 0.02
4890 : 8 : 0.02
4892 : 6 : 0.02
4894 : 3 : 0.02
4896 : 12 : 0.02
4898 : 7 : 0.02
4900 : 11 : 0.02
4902 : 10 : 0.02
4904 : 5 : 0.02
4906 : 3 : 0.02
4908 : 10 : 0.02
4910 : 7 : 0.02
4912 : 3 : 0.01
4914 : 10 : 0.01
4916 : 11 : 0.02
4918 : 10 : 0.02
4920 : 3 : 0.02
4922 : 11 : 0.02
4924 : 10 : 0.02
4926 : 14 : 0.02
4928 : 12 : 0.03
4930 : 7 : 0.03
4932 : 5 : 0.02
4934 : 5 : 0.02
4936 : 6 : 0.02
4938 : 13 : 0.02
4940 : 8 : 0.02
4944 : 6 : 0.02
4944 : 10 : 0.02
4946 : 6 : 0.02
4948 : 6 : 0.02
4950 : 8 : 0.02
4952 : 4 : 0.01
4954 : 12 : 0.02
4956 : 3 : 0.01
4958 : 7 : 0.01
4960 : 5 : 0.01
4962 : 4 : 0.01
4964 : 11 : 0.01
4966 : 6 : 0.01
4970 : 6 : 0.01
4970 : 7 : 0.01
4972 : 8 : 0.02
4974 : 5 : 0.02
4976 : 5 : 0.01
4978 : 7 : 0.01
4980 : 5 : 0.01
4982 : 4 : 0.01
4984 : 3 : 0.01
4986 : 6 : 0.01
4988 : 6 : 0.01
4990 : 6 : 0.01
4992 : 9 : 0.01
4996 : 7 : 0.01
4996 : 8 : 0.02
4998 : 1 : 0.01
5000 : 7 : 0.01
5002 : 6 : 0.01
5004 : 4 : 0.01
5006 : 10 : 0.01
5008 : 9 : 0.01
5010 : 7 : 0.02
5012 : 9 : 0.02
5014 : 6 : 0.02
5016 : 11 : 0.02
5018 : 10 : 0.02
5020 : 4 : 0.02
5022 : 6 : 0.02
5024 : 7 : 0.02
5026 : 7 : 0.02
5028 : 4 : 0.01
5030 : 9 : 0.01
5032 : 11 : 0.02
5034 : 12 : 0.02
5036 : 6 : 0.02
5038 : 5 : 0.02
5040 : 4 : 0.02
5042 : 3 : 0.01
5044 : 7 : 0.01
5046 : 6 : 0.01
5048 : 5 : 0.01
5050 : 7 : 0.01
5052 : 8 : 0.01
5054 : 5 : 0.01
5056 : 9 : 0.01
5058 : 8 : 0.02
5060 : 8 : 0.02
5062 : 7 : 0.02
5064 : 3 : 0.01
5066 : 6 : 0.02
5068 : 3 : 0.01
5070 : 4 : 0.01
5072 : 7 : 0.01
5074 : 5 : 0.01
5076 : 4 : 0.01
5078 : 4 : 0.01
5080 : 6 : 0.01
5082 : 4 : 0.01
5084 : 8 : 0.01
5086 : 4 : 0.01
5088 : 2 : 0.01
5090 : 3 : 0.01
5092 : 5 : 0.01
5094 : 5 : 0.01
5096 : 3 : 0.01
5098 : 7 : 0.01
5100 : 1 : 0.01
5104 : 12 : 0.01
5104 : 4 : 0.01
5106 : 10 : 0.01
5108 : 4 : 0.01
5110 : 8 : 0.02
5112 : 3 : 0.02
5114 : 5 : 0.01
5116 : 4 : 0.01
5118 : 4 : 0.01
5120 : 1 : 0.01
5122 : 4 : 0.01
5124 : 3 : 0.01
5126 : 8 : 0.01
5128 : 6 : 0.01
5130 : 1 : 0.01
5132 : 5 : 0.01
5134 : 8 : 0.01
5136 : 6 : 0.01
5138 : 3 : 0.01
5140 : 7 : 0.01
5142 : 4 : 0.01
5144 : 7 : 0.01
5146 : 4 : 0.01
5148 : 2 : 0.01
5150 : 11 : 0.01
5152 : 3 : 0.01
5154 : 5 : 0.01
5156 : 3 : 0.01
5158 : 5 : 0.01
5160 : 3 : 0.01
5162 : 2 : 0.01
5164 : 3 : 0.01
5166 : 5 : 0.01
5168 : 9 : 0.01
5170 : 3 : 0.01
5172 : 6 : 0.01
5174 : 3 : 0.01
5176 : 3 : 0.01
5178 : 6 : 0.01
5180 : 5 : 0.01
5184 : 6 : 0.01
5184 : 3 : 0.01
5186 : 4 : 0.01
5188 : 2 : 0.01
5190 : 2 : 0.01
5192 : 4 : 0.01
5194 : 4 : 0.01
5196 : 3 : 0.01
5198 : 3 : 0.01
5200 : 1 : 0.01
5202 : 2 : 0.01
5204 : 2 : 0.01
5206 : 6 : 0.01
5208 : 3 : 0.01
5210 : 2 : 0.01
5212 : 6 : 0.01
5214 : 6 : 0.01
5216 : 3 : 0.01
5218 : 1 : 0.01
5220 : 6 : 0.01
5222 : 5 : 0.01
5224 : 1 : 0.01
5226 : 1 : 0.01
5228 : 5 : 0.01
5230 : 3 : 0.01
5232 : 2 : 0.01
5234 : 4 : 0.01
5236 : 7 : 0.01
5238 : 4 : 0.01
5240 : 7 : 0.01
5242 : 5 : 0.01
5244 : 6 : 0.01
5246 : 1 : 0.01
5248 : 2 : 0.01
5250 : 3 : 0.01
5252 : 4 : 0.01
5254 : 4 : 0.01
5256 : 4 : 0.01
5258 : 7 : 0.01
5260 : 5 : 0.01
5262 : 3 : 0.01
5264 : 4 : 0.01
5266 : 1 : 0.01
5268 : 7 : 0.01
5270 : 1 : 0.01
5272 : 3 : 0.01
5274 : 5 : 0.01
5276 : 6 : 0.01
5278 : 5 : 0.01
5280 : 4 : 0.01
5282 : 3 : 0.01
5284 : 2 : 0.01
5286 : 5 : 0.01
5288 : 6 : 0.01
5290 : 4 : 0.01
5292 : 6 : 0.01
5294 : 5 : 0.01
5296 : 5 : 0.01
5298 : 7 : 0.01
5300 : 5 : 0.01
5302 : 4 : 0.01
5304 : 5 : 0.01
5306 : 7 : 0.01
5308 : 3 : 0.01
5310 : 4 : 0.01
5314 : 7 : 0.01
5314 : 5 : 0.01
5316 : 2 : 0.01
5318 : 3 : 0.01
5320 : 4 : 0.01
5322 : 5 : 0.01
5324 : 6 : 0.01
5326 : 1 : 0.01
5328 : 2 : 0.01
5330 : 3 : 0.01
5332 : 4 : 0.01
5334 : 8 : 0.01
5336 : 2 : 0.01
5338 : 2 : 0.01
5340 : 0 : 0.01
5342 : 2 : 0.01
5344 : 2 : 0.01
5346 : 3 : 0.01
5348 : 0 : 0.01
5350 : 1 : 0.01
5352 : 4 : 0.01
5354 : 5 : 0.01
5356 : 5 : 0.01
5358 : 2 : 0.01
5360 : 4 : 0.01
5362 : 5 : 0.01
5364 : 1 : 0.01
5366 : 6 : 0.01
5368 : 7 : 0.01
5370 : 5 : 0.01
5372 : 2 : 0.01
5374 : 2 : 0.01
5376 : 4 : 0.01
5378 : 7 : 0.01
5380 : 5 : 0.01
5382 : 4 : 0.01
5384 : 8 : 0.01
5386 : 2 : 0.01
5388 : 3 : 0.01
5390 : 4 : 0.01
5392 : 7 : 0.01
5394 : 5 : 0.01
5396 : 5 : 0.01
5398 : 2 : 0.01
5400 : 3 : 0.01
5402 : 7 : 0.01
5404 : 3 : 0.01
5408 : 3 : 0.01
5408 : 3 : 0.01
5410 : 5 : 0.01
5412 : 2 : 0.01
5414 : 6 : 0.01
5416 : 4 : 0.01
5418 : 3 : 0.01
5420 : 0 : 0.01
5422 : 1 : 0.01
5424 : 3 : 0.01
5426 : 4 : 0.01
5428 : 0 : 0.01
5430 : 2 : 0.01
5432 : 4 : 0.01
5434 : 2 : 0.01
5436 : 6 : 0.01
5438 : 2 : 0.01
5440 : 4 : 0.01
5442 : 3 : 0.01
5444 : 2 : 0.01
5446 : 3 : 0.01
5448 : 4 : 0.01
5450 : 4 : 0.01
5452 : 4 : 0.01
5454 : 4 : 0.01
5456 : 5 : 0.01
5458 : 5 : 0.01
5460 : 3 : 0.01
5462 : 3 : 0.01
5464 : 5 : 0.01
5466 : 3 : 0.01
5470 : 5 : 0.01
5470 : 7 : 0.01
5472 : 7 : 0.01
5474 : 3 : 0.01
5476 : 6 : 0.01
5478 : 3 : 0.01
5480 : 7 : 0.01
5482 : 3 : 0.01
5484 : 1 : 0.01
5486 : 4 : 0.01
5488 : 4 : 0.01
5490 : 1 : 0.01
5492 : 3 : 0.01
5494 : 1 : 0.01
5496 : 4 : 0.01
5498 : 2 : 0.01
5500 : 2 : 0.01
5502 : 5 : 0.01
5504 : 7 : 0.01
5506 : 2 : 0.01
5508 : 3 : 0.01
5510 : 2 : 0.01
5512 : 5 : 0.01
5514 : 7 : 0.01
5516 : 5 : 0.01
5518 : 3 : 0.01
5520 : 4 : 0.01
5522 : 5 : 0.01
5524 : 2 : 0.01
5526 : 0 : 0.01
5528 : 9 : 0.01
5530 : 2 : 0.01
5532 : 3 : 0.01
5534 : 6 : 0.01
5536 : 5 : 0.01
5538 : 4 : 0.01
5540 : 4 : 0.01
5542 : 6 : 0.01
5544 : 5 : 0.01
5546 : 8 : 0.01
5548 : 2 : 0.01
5550 : 5 : 0.01
5552 : 1 : 0.01
5554 : 9 : 0.01
5556 : 2 : 0.01
5558 : 5 : 0.01
5560 : 6 : 0.01
5562 : 7 : 0.01
5564 : 5 : 0.01
5566 : 3 : 0.01
5568 : 1 : 0.01
5570 : 6 : 0.01
5572 : 9 : 0.01
5574 : 2 : 0.01
5576 : 5 : 0.01
5578 : 5 : 0.01
5580 : 2 : 0.01
5582 : 5 : 0.01
5584 : 5 : 0.01
5586 : 4 : 0.01
5588 : 4 : 0.01
5590 : 8 : 0.01
5592 : 5 : 0.01
5594 : 4 : 0.01
5596 : 7 : 0.01
5598 : 3 : 0.01
5600 : 2 : 0.01
5602 : 9 : 0.01
5604 : 1 : 0.01
5606 : 10 : 0.01
5610 : 10 : 0.01
5610 : 3 : 0.01
5612 : 4 : 0.01
5614 : 2 : 0.01
5616 : 4 : 0.01
5618 : 2 : 0.01
5620 : 10 : 0.01
5622 : 3 : 0.01
5624 : 3 : 0.01
5626 : 9 : 0.01
5628 : 8 : 0.01
5630 : 3 : 0.01
5632 : 6 : 0.01
5634 : 4 : 0.01
5636 : 8 : 0.01
5638 : 7 : 0.01
5640 : 6 : 0.01
5642 : 8 : 0.01
5644 : 8 : 0.02
5646 : 8 : 0.02
5648 : 13 : 0.02
5650 : 7 : 0.02
5652 : 12 : 0.02
5654 : 16 : 0.02
5656 : 21 : 0.04
5658 : 16 : 0.04
5660 : 12 : 0.04
5662 : 18 : 0.03
5664 : 14 : 0.03
5666 : 18 : 0.04
5668 : 22 : 0.04
5670 : 17 : 0.04
5672 : 15 : 0.04
5674 : 20 : 0.04
5676 : 16 : 0.04
5678 : 15 : 0.04
5682 : 16 : 0.03
5682 : 17 : 0.03
5684 : 16 : 0.04
5686 : 17 : 0.03
5688 : 22 : 0.04
5690 : 9 : 0.04
5692 : 13 : 0.03
5694 : 20 : 0.03
5696 : 13 : 0.03
5698 : 20 : 0.04
5700 : 14 : 0.03
5702 : 11 : 0.03
5704 : 19 : 0.03
5706 : 9 : 0.03
5708 : 12 : 0.03
5710 : 14 : 0.03
5712 : 14 : 0.03
5714 : 9 : 0.03
5716 : 16 : 0.03
5718 : 18 : 0.03
5720 : 17 : 0.04
5722 : 15 : 0.04
5724 : 17 : 0.04
5726 : 12 : 0.03
5728 : 20 : 0.03
5730 : 9 : 0.03
5732 : 11 : 0.03
5734 : 13 : 0.03
5736 : 12 : 0.03
5738 : 20 : 0.03
5740 : 23 : 0.05
5742 : 11 : 0.04
5744 : 14 : 0.03
5746 : 18 : 0.03
5748 : 11 : 0.03
5750 : 22 : 0.03
5752 : 19 : 0.04
5754 : 22 : 0.05
5756 : 13 : 0.04
5758 : 23 : 0.04
5760 : 21 : 0.05
5762 : 18 : 0.04
5766 : 10 : 0.03
5766 : 14 : 0.03
5768 : 17 : 0.03
5770 : 17 : 0.04
5772 : 18 : 0.04
5774 : 8 : 0.03
5776 : 11 : 0.03
5778 : 18 : 0.03
5780 : 17 : 0.04
5782 : 12 : 0.03
5784 : 7 : 0.03
5786 : 17 : 0.03
5788 : 12 : 0.03
5790 : 16 : 0.03
5792 : 17 : 0.03
5794 : 17 : 0.04
5796 : 14 : 0.03
5798 : 12 : 0.03
5800 : 16 : 0.03
5802 : 21 : 0.04
5804 : 15 : 0.04
5806 : 16 : 0.03
5808 : 21 : 0.04
5810 : 20 : 0.04
5812 : 12 : 0.04
5814 : 15 : 0.03
5816 : 15 : 0.03
5818 : 13 : 0.03
5820 : 24 : 0.04
5822 : 13 : 0.04
5824 : 12 : 0.04
5826 : 9 : 0.03
5828 : 17 : 0.03
5830 : 14 : 0.03
5832 : 13 : 0.03
5834 : 13 : 0.03
5836 : 17 : 0.03
5838 : 17 : 0.03
5840 : 23 : 0.04
5842 : 15 : 0.04
5844 : 17 : 0.04
5846 : 15 : 0.03
5848 : 17 : 0.03
5850 : 15 : 0.03
5852 : 11 : 0.03
5854 : 15 : 0.03
5856 : 19 : 0.03
5858 : 16 : 0.04
5860 : 11 : 0.03
5862 : 14 : 0.03
5864 : 13 : 0.03
5866 : 27 : 0.04
5868 : 10 : 0.04
5870 : 17 : 0.04
5872 : 12 : 0.03
5874 : 6 : 0.03
5876 : 7 : 0.02
5878 : 9 : 0.02
